<?xml version="1.0" encoding="UTF-8" ?>
<testsuite failures="0" time="0.008" errors="0" skipped="0" tests="3" name="com.ec.tvcable.switchaprov.test.AprovisionamientoConverterTest">
  <properties>
    <property name="java.runtime.name" value="OpenJDK Runtime Environment"/>
    <property name="sun.boot.library.path" value="/usr/lib/jvm/java-6-openjdk-amd64/jre/lib/amd64"/>
    <property name="java.vm.version" value="23.25-b01"/>
    <property name="java.vm.vendor" value="Sun Microsystems Inc."/>
    <property name="java.vendor.url" value="http://java.sun.com/"/>
    <property name="path.separator" value=":"/>
    <property name="java.vm.name" value="OpenJDK 64-Bit Server VM"/>
    <property name="file.encoding.pkg" value="sun.io"/>
    <property name="user.country" value="US"/>
    <property name="sun.java.launcher" value="SUN_STANDARD"/>
    <property name="sun.os.patch.level" value="unknown"/>
    <property name="java.vm.specification.name" value="Java Virtual Machine Specification"/>
    <property name="user.dir" value="/home/pablo/switchyard_workspace/switch-aprovisionamiento"/>
    <property name="java.runtime.version" value="1.6.0_30-b30"/>
    <property name="java.awt.graphicsenv" value="sun.awt.X11GraphicsEnvironment"/>
    <property name="basedir" value="/home/pablo/switchyard_workspace/switch-aprovisionamiento"/>
    <property name="java.endorsed.dirs" value="/usr/lib/jvm/java-6-openjdk-amd64/jre/lib/endorsed"/>
    <property name="os.arch" value="amd64"/>
    <property name="surefire.real.class.path" value="/home/pablo/switchyard_workspace/switch-aprovisionamiento/target/surefire/surefirebooter141822838873814716.jar"/>
    <property name="java.io.tmpdir" value="/tmp"/>
    <property name="line.separator" value="
"/>
    <property name="java.vm.specification.vendor" value="Sun Microsystems Inc."/>
    <property name="java.naming.factory.url.pkgs" value="org.jboss.as.naming.interfaces"/>
    <property name="os.name" value="Linux"/>
    <property name="sun.jnu.encoding" value="UTF-8"/>
    <property name="java.library.path" value="/usr/lib/jvm/java-6-openjdk-amd64/jre/lib/amd64/server:/usr/lib/jvm/java-6-openjdk-amd64/jre/lib/amd64:/usr/lib/jvm/java-6-openjdk-amd64/jre/../lib/amd64:/usr/java/packages/lib/amd64:/usr/lib/jni:/lib:/usr/lib"/>
    <property name="surefire.test.class.path" value="/home/pablo/switchyard_workspace/switch-aprovisionamiento/target/test-classes:/home/pablo/switchyard_workspace/switch-aprovisionamiento/target/classes:/home/pablo/.m2/repository/org/switchyard/switchyard-api/1.1.0.Final/switchyard-api-1.1.0.Final.jar:/home/pablo/.m2/repository/org/jboss/logging/jboss-logging/3.1.2.GA/jboss-logging-3.1.2.GA.jar:/home/pablo/.m2/repository/org/switchyard/switchyard-transform/1.1.0.Final/switchyard-transform-1.1.0.Final.jar:/home/pablo/.m2/repository/org/switchyard/switchyard-common-cdi/1.1.0.Final/switchyard-common-cdi-1.1.0.Final.jar:/home/pablo/.m2/repository/org/apache/deltaspike/core/deltaspike-core-api/0.3-incubating/deltaspike-core-api-0.3-incubating.jar:/home/pablo/.m2/repository/javax/enterprise/cdi-api/1.0-SP4/cdi-api-1.0-SP4.jar:/home/pablo/.m2/repository/org/jboss/spec/javax/interceptor/jboss-interceptors-api_1.1_spec/1.0.0.Beta1/jboss-interceptors-api_1.1_spec-1.0.0.Beta1.jar:/home/pablo/.m2/repository/javax/inject/javax.inject/1/javax.inject-1.jar:/home/pablo/.m2/repository/org/switchyard/switchyard-config/1.1.0.Final/switchyard-config-1.1.0.Final.jar:/home/pablo/.m2/repository/org/switchyard/switchyard-extensions-java/1.1.0.Final/switchyard-extensions-java-1.1.0.Final.jar:/home/pablo/.m2/repository/org/milyn/milyn-smooks-all/1.5.1/milyn-smooks-all-1.5.1.jar:/home/pablo/.m2/repository/com/thoughtworks/xstream/xstream/1.4.1/xstream-1.4.1.jar:/home/pablo/.m2/repository/xmlpull/xmlpull/1.1.3.1/xmlpull-1.1.3.1.jar:/home/pablo/.m2/repository/xpp3/xpp3_min/1.1.4c/xpp3_min-1.1.4c.jar:/home/pablo/.m2/repository/org/freemarker/freemarker/2.3.15/freemarker-2.3.15.jar:/home/pablo/.m2/repository/jaxen/jaxen/1.1.1/jaxen-1.1.1.jar:/home/pablo/.m2/repository/org/ow2/bundles/ow2-bundles-externals-opencsv/1.0.23/ow2-bundles-externals-opencsv-1.0.23.jar:/home/pablo/.m2/repository/net/sf/opencsv/opencsv/2.1/opencsv-2.1.jar:/home/pablo/.m2/repository/commons-lang/commons-lang/2.4/commons-lang-2.4.jar:/home/pablo/.m2/repository/commons-logging/commons-logging/1.1/commons-logging-1.1.jar:/home/pablo/.m2/repository/org/codehaus/jackson/jackson-mapper-asl/1.9.9/jackson-mapper-asl-1.9.9.jar:/home/pablo/.m2/repository/org/codehaus/jackson/jackson-core-asl/1.9.9/jackson-core-asl-1.9.9.jar:/home/pablo/.m2/repository/org/mvel/mvel2/2.1.6.Final/mvel2-2.1.6.Final.jar:/home/pablo/.m2/repository/org/switchyard/switchyard-validate/1.1.0.Final/switchyard-validate-1.1.0.Final.jar:/home/pablo/.m2/repository/xml-resolver/xml-resolver/1.2/xml-resolver-1.2.jar:/home/pablo/.m2/repository/org/switchyard/switchyard-plugin/1.1.0.Final/switchyard-plugin-1.1.0.Final.jar:/home/pablo/.m2/repository/junit/junit/4.10/junit-4.10.jar:/home/pablo/.m2/repository/org/hamcrest/hamcrest-core/1.1/hamcrest-core-1.1.jar:/home/pablo/.m2/repository/xmlunit/xmlunit/1.1/xmlunit-1.1.jar:/home/pablo/.m2/repository/org/switchyard/switchyard-test/1.1.0.Final/switchyard-test-1.1.0.Final.jar:/home/pablo/.m2/repository/org/switchyard/switchyard-runtime/1.1.0.Final/switchyard-runtime-1.1.0.Final.jar:/home/pablo/.m2/repository/org/switchyard/switchyard-security/1.1.0.Final/switchyard-security-1.1.0.Final.jar:/home/pablo/.m2/repository/org/switchyard/switchyard-serial/1.1.0.Final/switchyard-serial-1.1.0.Final.jar:/home/pablo/.m2/repository/javax/transaction/jta/1.1/jta-1.1.jar:/home/pablo/.m2/repository/org/switchyard/switchyard-deploy/1.1.0.Final/switchyard-deploy-1.1.0.Final.jar:/home/pablo/.m2/repository/org/switchyard/switchyard-extensions-wsdl/1.1.0.Final/switchyard-extensions-wsdl-1.1.0.Final.jar:/home/pablo/.m2/repository/org/switchyard/switchyard-bus-camel/1.1.0.Final/switchyard-bus-camel-1.1.0.Final.jar:/home/pablo/.m2/repository/org/switchyard/switchyard-common-camel/1.1.0.Final/switchyard-common-camel-1.1.0.Final.jar:/home/pablo/.m2/repository/org/apache/camel/camel-cdi/2.10.0/camel-cdi-2.10.0.jar:/home/pablo/.m2/repository/org/apache/geronimo/specs/geronimo-jcdi_1.0_spec/1.0/geronimo-jcdi_1.0_spec-1.0.jar:/home/pablo/.m2/repository/org/apache/geronimo/specs/geronimo-atinject_1.0_spec/1.0/geronimo-atinject_1.0_spec-1.0.jar:/home/pablo/.m2/repository/org/apache/geronimo/specs/geronimo-interceptor_1.1_spec/1.0/geronimo-interceptor_1.1_spec-1.0.jar:/home/pablo/.m2/repository/org/jboss/weld/se/weld-se-core/1.1.10.Final/weld-se-core-1.1.10.Final.jar:/home/pablo/.m2/repository/org/jboss/weld/weld-spi/1.1.Final/weld-spi-1.1.Final.jar:/home/pablo/.m2/repository/org/jboss/weld/weld-api/1.1.Final/weld-api-1.1.Final.jar:/home/pablo/.m2/repository/org/jboss/weld/weld-core/1.1.10.Final/weld-core-1.1.10.Final.jar:/home/pablo/.m2/repository/org/javassist/javassist/3.14.0-GA/javassist-3.14.0-GA.jar:/home/pablo/.m2/repository/com/google/guava/guava/11.0.2/guava-11.0.2.jar:/home/pablo/.m2/repository/com/google/code/findbugs/jsr305/1.3.9/jsr305-1.3.9.jar:/home/pablo/.m2/repository/javax/el/el-api/2.2/el-api-2.2.jar:/home/pablo/.m2/repository/javax/annotation/jsr250-api/1.0/jsr250-api-1.0.jar:/home/pablo/.m2/repository/org/slf4j/slf4j-api/1.6.4/slf4j-api-1.6.4.jar:/home/pablo/.m2/repository/org/slf4j/slf4j-log4j12/1.7.2/slf4j-log4j12-1.7.2.jar:/home/pablo/.m2/repository/org/slf4j/slf4j-ext/1.7.2/slf4j-ext-1.7.2.jar:/home/pablo/.m2/repository/ch/qos/cal10n/cal10n-api/0.7.4/cal10n-api-0.7.4.jar:/home/pablo/.m2/repository/org/switchyard/components/switchyard-component-test-mixin-cdi/1.1.0.Final/switchyard-component-test-mixin-cdi-1.1.0.Final.jar:/home/pablo/.m2/repository/org/switchyard/components/switchyard-component-test-mixin-naming/1.1.0.Final/switchyard-component-test-mixin-naming-1.1.0.Final.jar:/home/pablo/.m2/repository/org/jboss/as/jboss-as-naming/7.2.0.Alpha1-redhat-4/jboss-as-naming-7.2.0.Alpha1-redhat-4.jar:/home/pablo/.m2/repository/org/jboss/jboss-remote-naming/1.0.5.Final/jboss-remote-naming-1.0.5.Final.jar:/home/pablo/.m2/repository/org/jboss/jboss-ejb-client/1.0.0.Final/jboss-ejb-client-1.0.0.Final.jar:/home/pablo/.m2/repository/org/jboss/marshalling/jboss-marshalling/1.3.0.GA/jboss-marshalling-1.3.0.GA.jar:/home/pablo/.m2/repository/org/jboss/marshalling/jboss-marshalling-river/1.3.0.GA/jboss-marshalling-river-1.3.0.GA.jar:/home/pablo/.m2/repository/org/jboss/xnio/xnio-api/3.0.0.GA/xnio-api-3.0.0.GA.jar:/home/pablo/.m2/repository/org/jboss/remoting3/jboss-remoting/3.2.7.GA/jboss-remoting-3.2.7.GA.jar:/home/pablo/.m2/repository/org/jboss/sasl/jboss-sasl/1.0.0.Final/jboss-sasl-1.0.0.Final.jar:/home/pablo/.m2/repository/org/jboss/msc/jboss-msc/1.0.4.GA/jboss-msc-1.0.4.GA.jar:/home/pablo/.m2/repository/org/jboss/as/jboss-as-server/7.2.0.Alpha1-redhat-4/jboss-as-server-7.2.0.Alpha1-redhat-4.jar:/home/pablo/.m2/repository/org/jboss/as/jboss-as-controller/7.2.0.Alpha1-redhat-4/jboss-as-controller-7.2.0.Alpha1-redhat-4.jar:/home/pablo/.m2/repository/org/jboss/as/jboss-as-controller-client/7.2.0.Alpha1-redhat-4/jboss-as-controller-client-7.2.0.Alpha1-redhat-4.jar:/home/pablo/.m2/repository/org/jboss/staxmapper/1.1.0.Final/staxmapper-1.1.0.Final.jar:/home/pablo/.m2/repository/org/jboss/as/jboss-as-domain-http-interface/7.2.0.Alpha1-redhat-4/jboss-as-domain-http-interface-7.2.0.Alpha1-redhat-4.jar:/home/pablo/.m2/repository/org/jboss/as/jboss-as-domain-management/7.2.0.Alpha1-redhat-4/jboss-as-domain-management-7.2.0.Alpha1-redhat-4.jar:/home/pablo/.m2/repository/org/jboss/jboss-common-core/2.2.17.GA/jboss-common-core-2.2.17.GA.jar:/home/pablo/.m2/repository/org/jboss/com/sun/httpserver/httpserver/1.0.1.Final/httpserver-1.0.1.Final.jar:/home/pablo/.m2/repository/org/jboss/as/jboss-as-deployment-repository/7.2.0.Alpha1-redhat-4/jboss-as-deployment-repository-7.2.0.Alpha1-redhat-4.jar:/home/pablo/.m2/repository/org/jboss/as/jboss-as-protocol/7.2.0.Alpha1-redhat-4/jboss-as-protocol-7.2.0.Alpha1-redhat-4.jar:/home/pablo/.m2/repository/org/jboss/xnio/xnio-nio/3.0.7.GA/xnio-nio-3.0.7.GA.jar:/home/pablo/.m2/repository/org/jboss/as/jboss-as-platform-mbean/7.2.0.Alpha1-redhat-4/jboss-as-platform-mbean-7.2.0.Alpha1-redhat-4.jar:/home/pablo/.m2/repository/org/jboss/as/jboss-as-process-controller/7.2.0.Alpha1-redhat-4/jboss-as-process-controller-7.2.0.Alpha1-redhat-4.jar:/usr/lib/jvm/java-6-openjdk-amd64/jre/../lib/tools.jar:/home/pablo/.m2/repository/org/jboss/as/jboss-as-remoting/7.2.0.Alpha1-redhat-4/jboss-as-remoting-7.2.0.Alpha1-redhat-4.jar:/home/pablo/.m2/repository/org/jboss/as/jboss-as-network/7.2.0.Alpha1-redhat-4/jboss-as-network-7.2.0.Alpha1-redhat-4.jar:/home/pablo/.m2/repository/org/jboss/as/jboss-as-version/7.2.0.Alpha1-redhat-4/jboss-as-version-7.2.0.Alpha1-redhat-4.jar:/home/pablo/.m2/repository/org/jboss/jandex/1.0.3.Final/jandex-1.0.3.Final.jar:/home/pablo/.m2/repository/org/jboss/jboss-dmr/1.1.6.Final/jboss-dmr-1.1.6.Final.jar:/home/pablo/.m2/repository/org/jboss/invocation/jboss-invocation/1.1.1.Final/jboss-invocation-1.1.1.Final.jar:/home/pablo/.m2/repository/org/jboss/logmanager/jboss-logmanager/1.4.0.Final/jboss-logmanager-1.4.0.Final.jar:/home/pablo/.m2/repository/org/jboss/modules/jboss-modules/1.2.0.CR1/jboss-modules-1.2.0.CR1.jar:/home/pablo/.m2/repository/org/jboss/stdio/jboss-stdio/1.0.1.GA/jboss-stdio-1.0.1.GA.jar:/home/pablo/.m2/repository/org/jboss/threads/jboss-threads/2.1.0.Final/jboss-threads-2.1.0.Final.jar:/home/pablo/.m2/repository/org/jboss/jboss-vfs/3.1.0.Final/jboss-vfs-3.1.0.Final.jar:/home/pablo/.m2/repository/org/jboss/as/jboss-as-build-config/7.2.0.Alpha1-redhat-4/jboss-as-build-config-7.2.0.Alpha1-redhat-4.jar:/home/pablo/.m2/repository/org/jboss/spec/javax/resource/jboss-connector-api_1.6_spec/1.0.1.Final/jboss-connector-api_1.6_spec-1.0.1.Final.jar:/home/pablo/.m2/repository/log4j/log4j/1.2.16/log4j-1.2.16.jar:/home/pablo/.m2/repository/org/switchyard/components/switchyard-component-test-mixin-http/1.1.0.Final/switchyard-component-test-mixin-http-1.1.0.Final.jar:/home/pablo/.m2/repository/org/apache/httpcomponents/httpclient/4.2.1/httpclient-4.2.1.jar:/home/pablo/.m2/repository/org/apache/httpcomponents/httpcore/4.2.1/httpcore-4.2.1.jar:/home/pablo/.m2/repository/commons-codec/commons-codec/1.6/commons-codec-1.6.jar:/home/pablo/.m2/repository/org/switchyard/components/switchyard-component-bean/1.1.0.Final/switchyard-component-bean-1.1.0.Final.jar:/home/pablo/.m2/repository/org/switchyard/components/switchyard-component-common/1.1.0.Final/switchyard-component-common-1.1.0.Final.jar:/home/pablo/.m2/repository/org/switchyard/components/switchyard-component-soap/1.1.0.Final/switchyard-component-soap-1.1.0.Final.jar:/home/pablo/.m2/repository/org/switchyard/switchyard-common/1.1.0.Final/switchyard-common-1.1.0.Final.jar:/home/pablo/.m2/repository/javax/servlet/servlet-api/2.5/servlet-api-2.5.jar:/home/pablo/.m2/repository/javax/mail/mail/1.4.4/mail-1.4.4.jar:/home/pablo/.m2/repository/javax/activation/activation/1.1/activation-1.1.jar:/home/pablo/.m2/repository/wsdl4j/wsdl4j/1.6.2/wsdl4j-1.6.2.jar:/home/pablo/.m2/repository/org/apache/cxf/cxf-api/2.6.6/cxf-api-2.6.6.jar:/home/pablo/.m2/repository/org/codehaus/woodstox/woodstox-core-asl/4.1.4/woodstox-core-asl-4.1.4.jar:/home/pablo/.m2/repository/org/codehaus/woodstox/stax2-api/3.1.1/stax2-api-3.1.1.jar:/home/pablo/.m2/repository/org/apache/cxf/cxf-rt-core/2.6.6/cxf-rt-core-2.6.6.jar:/home/pablo/.m2/repository/com/sun/xml/bind/jaxb-impl/2.1.13/jaxb-impl-2.1.13.jar:/home/pablo/.m2/repository/org/apache/cxf/cxf-rt-frontend-simple/2.6.6/cxf-rt-frontend-simple-2.6.6.jar:/home/pablo/.m2/repository/org/apache/cxf/cxf-rt-frontend-jaxws/2.6.6/cxf-rt-frontend-jaxws-2.6.6.jar:/home/pablo/.m2/repository/org/apache/cxf/cxf-rt-bindings-coloc/2.6.6/cxf-rt-bindings-coloc-2.6.6.jar:/home/pablo/.m2/repository/org/apache/cxf/cxf-rt-bindings-object/2.6.6/cxf-rt-bindings-object-2.6.6.jar:/home/pablo/.m2/repository/org/apache/cxf/cxf-rt-bindings-soap/2.6.6/cxf-rt-bindings-soap-2.6.6.jar:/home/pablo/.m2/repository/org/apache/cxf/cxf-rt-bindings-xml/2.6.6/cxf-rt-bindings-xml-2.6.6.jar:/home/pablo/.m2/repository/org/apache/cxf/cxf-rt-databinding-jaxb/2.6.6/cxf-rt-databinding-jaxb-2.6.6.jar:/home/pablo/.m2/repository/com/sun/xml/bind/jaxb-xjc/2.1.13/jaxb-xjc-2.1.13.jar:/home/pablo/.m2/repository/org/apache/cxf/cxf-rt-transports-http/2.6.6/cxf-rt-transports-http-2.6.6.jar:/home/pablo/.m2/repository/org/apache/cxf/cxf-rt-transports-local/2.6.6/cxf-rt-transports-local-2.6.6.jar:/home/pablo/.m2/repository/org/apache/cxf/cxf-rt-ws-addr/2.6.6/cxf-rt-ws-addr-2.6.6.jar:/home/pablo/.m2/repository/org/apache/cxf/cxf-rt-ws-policy/2.6.6/cxf-rt-ws-policy-2.6.6.jar:/home/pablo/.m2/repository/org/apache/neethi/neethi/3.0.2/neethi-3.0.2.jar:/home/pablo/.m2/repository/org/apache/ws/xmlschema/xmlschema-core/2.0.2/xmlschema-core-2.0.2.jar:/home/pablo/.m2/repository/org/apache/cxf/cxf-rt-transports-http-jetty/2.6.6/cxf-rt-transports-http-jetty-2.6.6.jar:/home/pablo/.m2/repository/org/eclipse/jetty/jetty-security/7.5.4.v20111024/jetty-security-7.5.4.v20111024.jar:/home/pablo/.m2/repository/org/apache/geronimo/specs/geronimo-servlet_2.5_spec/1.1.2/geronimo-servlet_2.5_spec-1.1.2.jar:/home/pablo/.m2/repository/org/eclipse/jetty/jetty-server/7.5.4.v20111024/jetty-server-7.5.4.v20111024.jar:/home/pablo/.m2/repository/org/eclipse/jetty/jetty-continuation/7.5.4.v20111024/jetty-continuation-7.5.4.v20111024.jar:/home/pablo/.m2/repository/org/eclipse/jetty/jetty-http/7.5.4.v20111024/jetty-http-7.5.4.v20111024.jar:/home/pablo/.m2/repository/org/eclipse/jetty/jetty-io/7.5.4.v20111024/jetty-io-7.5.4.v20111024.jar:/home/pablo/.m2/repository/org/eclipse/jetty/jetty-util/7.5.4.v20111024/jetty-util-7.5.4.v20111024.jar:/home/pablo/.m2/repository/org/mockito/mockito-all/1.9.5/mockito-all-1.9.5.jar:/home/pablo/.m2/repository/org/switchyard/components/switchyard-component-camel-jpa/1.1.0.Final/switchyard-component-camel-jpa-1.1.0.Final.jar:/home/pablo/.m2/repository/org/switchyard/components/switchyard-component-camel-switchyard/1.1.0.Final/switchyard-component-camel-switchyard-1.1.0.Final.jar:/home/pablo/.m2/repository/org/apache/camel/camel-core/2.10.0/camel-core-2.10.0.jar:/home/pablo/.m2/repository/org/switchyard/components/switchyard-component-common-camel/1.1.0.Final/switchyard-component-common-camel-1.1.0.Final.jar:/home/pablo/.m2/repository/org/springframework/spring-tx/3.0.7.RELEASE/spring-tx-3.0.7.RELEASE.jar:/home/pablo/.m2/repository/aopalliance/aopalliance/1.0/aopalliance-1.0.jar:/home/pablo/.m2/repository/org/apache/camel/camel-jpa/2.10.0/camel-jpa-2.10.0.jar:/home/pablo/.m2/repository/org/apache/camel/camel-spring/2.10.0/camel-spring-2.10.0.jar:/home/pablo/.m2/repository/org/springframework/spring-context/3.0.7.RELEASE/spring-context-3.0.7.RELEASE.jar:/home/pablo/.m2/repository/org/springframework/spring-expression/3.0.7.RELEASE/spring-expression-3.0.7.RELEASE.jar:/home/pablo/.m2/repository/org/springframework/spring-asm/3.0.7.RELEASE/spring-asm-3.0.7.RELEASE.jar:/home/pablo/.m2/repository/org/springframework/spring-aop/3.0.7.RELEASE/spring-aop-3.0.7.RELEASE.jar:/home/pablo/.m2/repository/org/springframework/spring-jdbc/3.0.7.RELEASE/spring-jdbc-3.0.7.RELEASE.jar:/home/pablo/.m2/repository/org/springframework/spring-beans/3.0.7.RELEASE/spring-beans-3.0.7.RELEASE.jar:/home/pablo/.m2/repository/org/springframework/spring-core/3.0.7.RELEASE/spring-core-3.0.7.RELEASE.jar:/home/pablo/.m2/repository/org/springframework/spring-orm/3.0.7.RELEASE/spring-orm-3.0.7.RELEASE.jar:/home/pablo/.m2/repository/org/hibernate/javax/persistence/hibernate-jpa-2.1-api/1.0.0.Final/hibernate-jpa-2.1-api-1.0.0.Final.jar:"/>
    <property name="java.specification.name" value="Java Platform API Specification"/>
    <property name="java.class.version" value="50.0"/>
    <property name="sun.management.compiler" value="HotSpot 64-Bit Tiered Compilers"/>
    <property name="os.version" value="3.8.0-37-generic"/>
    <property name="user.home" value="/home/pablo"/>
    <property name="user.timezone" value="America/Guayaquil"/>
    <property name="java.awt.printerjob" value="sun.print.PSPrinterJob"/>
    <property name="java.specification.version" value="1.6"/>
    <property name="file.encoding" value="UTF-8"/>
    <property name="user.name" value="pablo"/>
    <property name="java.class.path" value="/home/pablo/switchyard_workspace/switch-aprovisionamiento/target/test-classes:/home/pablo/switchyard_workspace/switch-aprovisionamiento/target/classes:/home/pablo/.m2/repository/org/switchyard/switchyard-api/1.1.0.Final/switchyard-api-1.1.0.Final.jar:/home/pablo/.m2/repository/org/jboss/logging/jboss-logging/3.1.2.GA/jboss-logging-3.1.2.GA.jar:/home/pablo/.m2/repository/org/switchyard/switchyard-transform/1.1.0.Final/switchyard-transform-1.1.0.Final.jar:/home/pablo/.m2/repository/org/switchyard/switchyard-common-cdi/1.1.0.Final/switchyard-common-cdi-1.1.0.Final.jar:/home/pablo/.m2/repository/org/apache/deltaspike/core/deltaspike-core-api/0.3-incubating/deltaspike-core-api-0.3-incubating.jar:/home/pablo/.m2/repository/javax/enterprise/cdi-api/1.0-SP4/cdi-api-1.0-SP4.jar:/home/pablo/.m2/repository/org/jboss/spec/javax/interceptor/jboss-interceptors-api_1.1_spec/1.0.0.Beta1/jboss-interceptors-api_1.1_spec-1.0.0.Beta1.jar:/home/pablo/.m2/repository/javax/inject/javax.inject/1/javax.inject-1.jar:/home/pablo/.m2/repository/org/switchyard/switchyard-config/1.1.0.Final/switchyard-config-1.1.0.Final.jar:/home/pablo/.m2/repository/org/switchyard/switchyard-extensions-java/1.1.0.Final/switchyard-extensions-java-1.1.0.Final.jar:/home/pablo/.m2/repository/org/milyn/milyn-smooks-all/1.5.1/milyn-smooks-all-1.5.1.jar:/home/pablo/.m2/repository/com/thoughtworks/xstream/xstream/1.4.1/xstream-1.4.1.jar:/home/pablo/.m2/repository/xmlpull/xmlpull/1.1.3.1/xmlpull-1.1.3.1.jar:/home/pablo/.m2/repository/xpp3/xpp3_min/1.1.4c/xpp3_min-1.1.4c.jar:/home/pablo/.m2/repository/org/freemarker/freemarker/2.3.15/freemarker-2.3.15.jar:/home/pablo/.m2/repository/jaxen/jaxen/1.1.1/jaxen-1.1.1.jar:/home/pablo/.m2/repository/org/ow2/bundles/ow2-bundles-externals-opencsv/1.0.23/ow2-bundles-externals-opencsv-1.0.23.jar:/home/pablo/.m2/repository/net/sf/opencsv/opencsv/2.1/opencsv-2.1.jar:/home/pablo/.m2/repository/commons-lang/commons-lang/2.4/commons-lang-2.4.jar:/home/pablo/.m2/repository/commons-logging/commons-logging/1.1/commons-logging-1.1.jar:/home/pablo/.m2/repository/org/codehaus/jackson/jackson-mapper-asl/1.9.9/jackson-mapper-asl-1.9.9.jar:/home/pablo/.m2/repository/org/codehaus/jackson/jackson-core-asl/1.9.9/jackson-core-asl-1.9.9.jar:/home/pablo/.m2/repository/org/mvel/mvel2/2.1.6.Final/mvel2-2.1.6.Final.jar:/home/pablo/.m2/repository/org/switchyard/switchyard-validate/1.1.0.Final/switchyard-validate-1.1.0.Final.jar:/home/pablo/.m2/repository/xml-resolver/xml-resolver/1.2/xml-resolver-1.2.jar:/home/pablo/.m2/repository/org/switchyard/switchyard-plugin/1.1.0.Final/switchyard-plugin-1.1.0.Final.jar:/home/pablo/.m2/repository/junit/junit/4.10/junit-4.10.jar:/home/pablo/.m2/repository/org/hamcrest/hamcrest-core/1.1/hamcrest-core-1.1.jar:/home/pablo/.m2/repository/xmlunit/xmlunit/1.1/xmlunit-1.1.jar:/home/pablo/.m2/repository/org/switchyard/switchyard-test/1.1.0.Final/switchyard-test-1.1.0.Final.jar:/home/pablo/.m2/repository/org/switchyard/switchyard-runtime/1.1.0.Final/switchyard-runtime-1.1.0.Final.jar:/home/pablo/.m2/repository/org/switchyard/switchyard-security/1.1.0.Final/switchyard-security-1.1.0.Final.jar:/home/pablo/.m2/repository/org/switchyard/switchyard-serial/1.1.0.Final/switchyard-serial-1.1.0.Final.jar:/home/pablo/.m2/repository/javax/transaction/jta/1.1/jta-1.1.jar:/home/pablo/.m2/repository/org/switchyard/switchyard-deploy/1.1.0.Final/switchyard-deploy-1.1.0.Final.jar:/home/pablo/.m2/repository/org/switchyard/switchyard-extensions-wsdl/1.1.0.Final/switchyard-extensions-wsdl-1.1.0.Final.jar:/home/pablo/.m2/repository/org/switchyard/switchyard-bus-camel/1.1.0.Final/switchyard-bus-camel-1.1.0.Final.jar:/home/pablo/.m2/repository/org/switchyard/switchyard-common-camel/1.1.0.Final/switchyard-common-camel-1.1.0.Final.jar:/home/pablo/.m2/repository/org/apache/camel/camel-cdi/2.10.0/camel-cdi-2.10.0.jar:/home/pablo/.m2/repository/org/apache/geronimo/specs/geronimo-jcdi_1.0_spec/1.0/geronimo-jcdi_1.0_spec-1.0.jar:/home/pablo/.m2/repository/org/apache/geronimo/specs/geronimo-atinject_1.0_spec/1.0/geronimo-atinject_1.0_spec-1.0.jar:/home/pablo/.m2/repository/org/apache/geronimo/specs/geronimo-interceptor_1.1_spec/1.0/geronimo-interceptor_1.1_spec-1.0.jar:/home/pablo/.m2/repository/org/jboss/weld/se/weld-se-core/1.1.10.Final/weld-se-core-1.1.10.Final.jar:/home/pablo/.m2/repository/org/jboss/weld/weld-spi/1.1.Final/weld-spi-1.1.Final.jar:/home/pablo/.m2/repository/org/jboss/weld/weld-api/1.1.Final/weld-api-1.1.Final.jar:/home/pablo/.m2/repository/org/jboss/weld/weld-core/1.1.10.Final/weld-core-1.1.10.Final.jar:/home/pablo/.m2/repository/org/javassist/javassist/3.14.0-GA/javassist-3.14.0-GA.jar:/home/pablo/.m2/repository/com/google/guava/guava/11.0.2/guava-11.0.2.jar:/home/pablo/.m2/repository/com/google/code/findbugs/jsr305/1.3.9/jsr305-1.3.9.jar:/home/pablo/.m2/repository/javax/el/el-api/2.2/el-api-2.2.jar:/home/pablo/.m2/repository/javax/annotation/jsr250-api/1.0/jsr250-api-1.0.jar:/home/pablo/.m2/repository/org/slf4j/slf4j-api/1.6.4/slf4j-api-1.6.4.jar:/home/pablo/.m2/repository/org/slf4j/slf4j-log4j12/1.7.2/slf4j-log4j12-1.7.2.jar:/home/pablo/.m2/repository/org/slf4j/slf4j-ext/1.7.2/slf4j-ext-1.7.2.jar:/home/pablo/.m2/repository/ch/qos/cal10n/cal10n-api/0.7.4/cal10n-api-0.7.4.jar:/home/pablo/.m2/repository/org/switchyard/components/switchyard-component-test-mixin-cdi/1.1.0.Final/switchyard-component-test-mixin-cdi-1.1.0.Final.jar:/home/pablo/.m2/repository/org/switchyard/components/switchyard-component-test-mixin-naming/1.1.0.Final/switchyard-component-test-mixin-naming-1.1.0.Final.jar:/home/pablo/.m2/repository/org/jboss/as/jboss-as-naming/7.2.0.Alpha1-redhat-4/jboss-as-naming-7.2.0.Alpha1-redhat-4.jar:/home/pablo/.m2/repository/org/jboss/jboss-remote-naming/1.0.5.Final/jboss-remote-naming-1.0.5.Final.jar:/home/pablo/.m2/repository/org/jboss/jboss-ejb-client/1.0.0.Final/jboss-ejb-client-1.0.0.Final.jar:/home/pablo/.m2/repository/org/jboss/marshalling/jboss-marshalling/1.3.0.GA/jboss-marshalling-1.3.0.GA.jar:/home/pablo/.m2/repository/org/jboss/marshalling/jboss-marshalling-river/1.3.0.GA/jboss-marshalling-river-1.3.0.GA.jar:/home/pablo/.m2/repository/org/jboss/xnio/xnio-api/3.0.0.GA/xnio-api-3.0.0.GA.jar:/home/pablo/.m2/repository/org/jboss/remoting3/jboss-remoting/3.2.7.GA/jboss-remoting-3.2.7.GA.jar:/home/pablo/.m2/repository/org/jboss/sasl/jboss-sasl/1.0.0.Final/jboss-sasl-1.0.0.Final.jar:/home/pablo/.m2/repository/org/jboss/msc/jboss-msc/1.0.4.GA/jboss-msc-1.0.4.GA.jar:/home/pablo/.m2/repository/org/jboss/as/jboss-as-server/7.2.0.Alpha1-redhat-4/jboss-as-server-7.2.0.Alpha1-redhat-4.jar:/home/pablo/.m2/repository/org/jboss/as/jboss-as-controller/7.2.0.Alpha1-redhat-4/jboss-as-controller-7.2.0.Alpha1-redhat-4.jar:/home/pablo/.m2/repository/org/jboss/as/jboss-as-controller-client/7.2.0.Alpha1-redhat-4/jboss-as-controller-client-7.2.0.Alpha1-redhat-4.jar:/home/pablo/.m2/repository/org/jboss/staxmapper/1.1.0.Final/staxmapper-1.1.0.Final.jar:/home/pablo/.m2/repository/org/jboss/as/jboss-as-domain-http-interface/7.2.0.Alpha1-redhat-4/jboss-as-domain-http-interface-7.2.0.Alpha1-redhat-4.jar:/home/pablo/.m2/repository/org/jboss/as/jboss-as-domain-management/7.2.0.Alpha1-redhat-4/jboss-as-domain-management-7.2.0.Alpha1-redhat-4.jar:/home/pablo/.m2/repository/org/jboss/jboss-common-core/2.2.17.GA/jboss-common-core-2.2.17.GA.jar:/home/pablo/.m2/repository/org/jboss/com/sun/httpserver/httpserver/1.0.1.Final/httpserver-1.0.1.Final.jar:/home/pablo/.m2/repository/org/jboss/as/jboss-as-deployment-repository/7.2.0.Alpha1-redhat-4/jboss-as-deployment-repository-7.2.0.Alpha1-redhat-4.jar:/home/pablo/.m2/repository/org/jboss/as/jboss-as-protocol/7.2.0.Alpha1-redhat-4/jboss-as-protocol-7.2.0.Alpha1-redhat-4.jar:/home/pablo/.m2/repository/org/jboss/xnio/xnio-nio/3.0.7.GA/xnio-nio-3.0.7.GA.jar:/home/pablo/.m2/repository/org/jboss/as/jboss-as-platform-mbean/7.2.0.Alpha1-redhat-4/jboss-as-platform-mbean-7.2.0.Alpha1-redhat-4.jar:/home/pablo/.m2/repository/org/jboss/as/jboss-as-process-controller/7.2.0.Alpha1-redhat-4/jboss-as-process-controller-7.2.0.Alpha1-redhat-4.jar:/usr/lib/jvm/java-6-openjdk-amd64/jre/../lib/tools.jar:/home/pablo/.m2/repository/org/jboss/as/jboss-as-remoting/7.2.0.Alpha1-redhat-4/jboss-as-remoting-7.2.0.Alpha1-redhat-4.jar:/home/pablo/.m2/repository/org/jboss/as/jboss-as-network/7.2.0.Alpha1-redhat-4/jboss-as-network-7.2.0.Alpha1-redhat-4.jar:/home/pablo/.m2/repository/org/jboss/as/jboss-as-version/7.2.0.Alpha1-redhat-4/jboss-as-version-7.2.0.Alpha1-redhat-4.jar:/home/pablo/.m2/repository/org/jboss/jandex/1.0.3.Final/jandex-1.0.3.Final.jar:/home/pablo/.m2/repository/org/jboss/jboss-dmr/1.1.6.Final/jboss-dmr-1.1.6.Final.jar:/home/pablo/.m2/repository/org/jboss/invocation/jboss-invocation/1.1.1.Final/jboss-invocation-1.1.1.Final.jar:/home/pablo/.m2/repository/org/jboss/logmanager/jboss-logmanager/1.4.0.Final/jboss-logmanager-1.4.0.Final.jar:/home/pablo/.m2/repository/org/jboss/modules/jboss-modules/1.2.0.CR1/jboss-modules-1.2.0.CR1.jar:/home/pablo/.m2/repository/org/jboss/stdio/jboss-stdio/1.0.1.GA/jboss-stdio-1.0.1.GA.jar:/home/pablo/.m2/repository/org/jboss/threads/jboss-threads/2.1.0.Final/jboss-threads-2.1.0.Final.jar:/home/pablo/.m2/repository/org/jboss/jboss-vfs/3.1.0.Final/jboss-vfs-3.1.0.Final.jar:/home/pablo/.m2/repository/org/jboss/as/jboss-as-build-config/7.2.0.Alpha1-redhat-4/jboss-as-build-config-7.2.0.Alpha1-redhat-4.jar:/home/pablo/.m2/repository/org/jboss/spec/javax/resource/jboss-connector-api_1.6_spec/1.0.1.Final/jboss-connector-api_1.6_spec-1.0.1.Final.jar:/home/pablo/.m2/repository/log4j/log4j/1.2.16/log4j-1.2.16.jar:/home/pablo/.m2/repository/org/switchyard/components/switchyard-component-test-mixin-http/1.1.0.Final/switchyard-component-test-mixin-http-1.1.0.Final.jar:/home/pablo/.m2/repository/org/apache/httpcomponents/httpclient/4.2.1/httpclient-4.2.1.jar:/home/pablo/.m2/repository/org/apache/httpcomponents/httpcore/4.2.1/httpcore-4.2.1.jar:/home/pablo/.m2/repository/commons-codec/commons-codec/1.6/commons-codec-1.6.jar:/home/pablo/.m2/repository/org/switchyard/components/switchyard-component-bean/1.1.0.Final/switchyard-component-bean-1.1.0.Final.jar:/home/pablo/.m2/repository/org/switchyard/components/switchyard-component-common/1.1.0.Final/switchyard-component-common-1.1.0.Final.jar:/home/pablo/.m2/repository/org/switchyard/components/switchyard-component-soap/1.1.0.Final/switchyard-component-soap-1.1.0.Final.jar:/home/pablo/.m2/repository/org/switchyard/switchyard-common/1.1.0.Final/switchyard-common-1.1.0.Final.jar:/home/pablo/.m2/repository/javax/servlet/servlet-api/2.5/servlet-api-2.5.jar:/home/pablo/.m2/repository/javax/mail/mail/1.4.4/mail-1.4.4.jar:/home/pablo/.m2/repository/javax/activation/activation/1.1/activation-1.1.jar:/home/pablo/.m2/repository/wsdl4j/wsdl4j/1.6.2/wsdl4j-1.6.2.jar:/home/pablo/.m2/repository/org/apache/cxf/cxf-api/2.6.6/cxf-api-2.6.6.jar:/home/pablo/.m2/repository/org/codehaus/woodstox/woodstox-core-asl/4.1.4/woodstox-core-asl-4.1.4.jar:/home/pablo/.m2/repository/org/codehaus/woodstox/stax2-api/3.1.1/stax2-api-3.1.1.jar:/home/pablo/.m2/repository/org/apache/cxf/cxf-rt-core/2.6.6/cxf-rt-core-2.6.6.jar:/home/pablo/.m2/repository/com/sun/xml/bind/jaxb-impl/2.1.13/jaxb-impl-2.1.13.jar:/home/pablo/.m2/repository/org/apache/cxf/cxf-rt-frontend-simple/2.6.6/cxf-rt-frontend-simple-2.6.6.jar:/home/pablo/.m2/repository/org/apache/cxf/cxf-rt-frontend-jaxws/2.6.6/cxf-rt-frontend-jaxws-2.6.6.jar:/home/pablo/.m2/repository/org/apache/cxf/cxf-rt-bindings-coloc/2.6.6/cxf-rt-bindings-coloc-2.6.6.jar:/home/pablo/.m2/repository/org/apache/cxf/cxf-rt-bindings-object/2.6.6/cxf-rt-bindings-object-2.6.6.jar:/home/pablo/.m2/repository/org/apache/cxf/cxf-rt-bindings-soap/2.6.6/cxf-rt-bindings-soap-2.6.6.jar:/home/pablo/.m2/repository/org/apache/cxf/cxf-rt-bindings-xml/2.6.6/cxf-rt-bindings-xml-2.6.6.jar:/home/pablo/.m2/repository/org/apache/cxf/cxf-rt-databinding-jaxb/2.6.6/cxf-rt-databinding-jaxb-2.6.6.jar:/home/pablo/.m2/repository/com/sun/xml/bind/jaxb-xjc/2.1.13/jaxb-xjc-2.1.13.jar:/home/pablo/.m2/repository/org/apache/cxf/cxf-rt-transports-http/2.6.6/cxf-rt-transports-http-2.6.6.jar:/home/pablo/.m2/repository/org/apache/cxf/cxf-rt-transports-local/2.6.6/cxf-rt-transports-local-2.6.6.jar:/home/pablo/.m2/repository/org/apache/cxf/cxf-rt-ws-addr/2.6.6/cxf-rt-ws-addr-2.6.6.jar:/home/pablo/.m2/repository/org/apache/cxf/cxf-rt-ws-policy/2.6.6/cxf-rt-ws-policy-2.6.6.jar:/home/pablo/.m2/repository/org/apache/neethi/neethi/3.0.2/neethi-3.0.2.jar:/home/pablo/.m2/repository/org/apache/ws/xmlschema/xmlschema-core/2.0.2/xmlschema-core-2.0.2.jar:/home/pablo/.m2/repository/org/apache/cxf/cxf-rt-transports-http-jetty/2.6.6/cxf-rt-transports-http-jetty-2.6.6.jar:/home/pablo/.m2/repository/org/eclipse/jetty/jetty-security/7.5.4.v20111024/jetty-security-7.5.4.v20111024.jar:/home/pablo/.m2/repository/org/apache/geronimo/specs/geronimo-servlet_2.5_spec/1.1.2/geronimo-servlet_2.5_spec-1.1.2.jar:/home/pablo/.m2/repository/org/eclipse/jetty/jetty-server/7.5.4.v20111024/jetty-server-7.5.4.v20111024.jar:/home/pablo/.m2/repository/org/eclipse/jetty/jetty-continuation/7.5.4.v20111024/jetty-continuation-7.5.4.v20111024.jar:/home/pablo/.m2/repository/org/eclipse/jetty/jetty-http/7.5.4.v20111024/jetty-http-7.5.4.v20111024.jar:/home/pablo/.m2/repository/org/eclipse/jetty/jetty-io/7.5.4.v20111024/jetty-io-7.5.4.v20111024.jar:/home/pablo/.m2/repository/org/eclipse/jetty/jetty-util/7.5.4.v20111024/jetty-util-7.5.4.v20111024.jar:/home/pablo/.m2/repository/org/mockito/mockito-all/1.9.5/mockito-all-1.9.5.jar:/home/pablo/.m2/repository/org/switchyard/components/switchyard-component-camel-jpa/1.1.0.Final/switchyard-component-camel-jpa-1.1.0.Final.jar:/home/pablo/.m2/repository/org/switchyard/components/switchyard-component-camel-switchyard/1.1.0.Final/switchyard-component-camel-switchyard-1.1.0.Final.jar:/home/pablo/.m2/repository/org/apache/camel/camel-core/2.10.0/camel-core-2.10.0.jar:/home/pablo/.m2/repository/org/switchyard/components/switchyard-component-common-camel/1.1.0.Final/switchyard-component-common-camel-1.1.0.Final.jar:/home/pablo/.m2/repository/org/springframework/spring-tx/3.0.7.RELEASE/spring-tx-3.0.7.RELEASE.jar:/home/pablo/.m2/repository/aopalliance/aopalliance/1.0/aopalliance-1.0.jar:/home/pablo/.m2/repository/org/apache/camel/camel-jpa/2.10.0/camel-jpa-2.10.0.jar:/home/pablo/.m2/repository/org/apache/camel/camel-spring/2.10.0/camel-spring-2.10.0.jar:/home/pablo/.m2/repository/org/springframework/spring-context/3.0.7.RELEASE/spring-context-3.0.7.RELEASE.jar:/home/pablo/.m2/repository/org/springframework/spring-expression/3.0.7.RELEASE/spring-expression-3.0.7.RELEASE.jar:/home/pablo/.m2/repository/org/springframework/spring-asm/3.0.7.RELEASE/spring-asm-3.0.7.RELEASE.jar:/home/pablo/.m2/repository/org/springframework/spring-aop/3.0.7.RELEASE/spring-aop-3.0.7.RELEASE.jar:/home/pablo/.m2/repository/org/springframework/spring-jdbc/3.0.7.RELEASE/spring-jdbc-3.0.7.RELEASE.jar:/home/pablo/.m2/repository/org/springframework/spring-beans/3.0.7.RELEASE/spring-beans-3.0.7.RELEASE.jar:/home/pablo/.m2/repository/org/springframework/spring-core/3.0.7.RELEASE/spring-core-3.0.7.RELEASE.jar:/home/pablo/.m2/repository/org/springframework/spring-orm/3.0.7.RELEASE/spring-orm-3.0.7.RELEASE.jar:/home/pablo/.m2/repository/org/hibernate/javax/persistence/hibernate-jpa-2.1-api/1.0.0.Final/hibernate-jpa-2.1-api-1.0.0.Final.jar:"/>
    <property name="java.naming.factory.initial" value="org.jboss.as.naming.InitialContextFactory"/>
    <property name="java.vm.specification.version" value="1.0"/>
    <property name="sun.arch.data.model" value="64"/>
    <property name="java.home" value="/usr/lib/jvm/java-6-openjdk-amd64/jre"/>
    <property name="sun.java.command" value="/home/pablo/switchyard_workspace/switch-aprovisionamiento/target/surefire/surefirebooter141822838873814716.jar /home/pablo/switchyard_workspace/switch-aprovisionamiento/target/surefire/surefire8082011752893943755tmp /home/pablo/switchyard_workspace/switch-aprovisionamiento/target/surefire/surefire3585405195537301559tmp"/>
    <property name="java.specification.vendor" value="Sun Microsystems Inc."/>
    <property name="user.language" value="en"/>
    <property name="java.vm.info" value="mixed mode"/>
    <property name="java.version" value="1.6.0_30"/>
    <property name="java.ext.dirs" value="/usr/lib/jvm/java-6-openjdk-amd64/jre/lib/ext:/usr/java/packages/lib/ext"/>
    <property name="sun.boot.class.path" value="/usr/lib/jvm/java-6-openjdk-amd64/jre/lib/resources.jar:/usr/lib/jvm/java-6-openjdk-amd64/jre/lib/rt.jar:/usr/lib/jvm/java-6-openjdk-amd64/jre/lib/sunrsasign.jar:/usr/lib/jvm/java-6-openjdk-amd64/jre/lib/jsse.jar:/usr/lib/jvm/java-6-openjdk-amd64/jre/lib/jce.jar:/usr/lib/jvm/java-6-openjdk-amd64/jre/lib/charsets.jar:/usr/lib/jvm/java-6-openjdk-amd64/jre/lib/jfr.jar:/usr/lib/jvm/java-6-openjdk-amd64/jre/lib/netx.jar:/usr/lib/jvm/java-6-openjdk-amd64/jre/lib/plugin.jar:/usr/lib/jvm/java-6-openjdk-amd64/jre/lib/rhino.jar:/usr/lib/jvm/java-6-openjdk-amd64/jre/classes"/>
    <property name="java.vendor" value="Sun Microsystems Inc."/>
    <property name="localRepository" value="/home/pablo/.m2/repository"/>
    <property name="file.separator" value="/"/>
    <property name="java.vendor.url.bug" value="http://java.sun.com/cgi-bin/bugreport.cgi"/>
    <property name="sun.cpu.endian" value="little"/>
    <property name="sun.io.unicode.encoding" value="UnicodeLittle"/>
    <property name="sun.desktop" value="gnome"/>
    <property name="sun.cpu.isalist" value=""/>
  </properties>
  <testcase time="0.002" classname="com.ec.tvcable.switchaprov.test.AprovisionamientoConverterTest" name="exceptionIfInvalid"/>
  <testcase time="0.001" classname="com.ec.tvcable.switchaprov.test.AprovisionamientoConverterTest" name="exceptionIfNotNumber"/>
  <testcase time="0" classname="com.ec.tvcable.switchaprov.test.AprovisionamientoConverterTest" name="noConvertirValoresVacios"/>
</testsuite>